[*] Phase: CHIMERA - Chimera launcher executed.
[*] Phase: ESCALATE - Auto escalation evaluated.
[*] Phase: INJECT - Payload injection simulated.
[*] Phase: FORK - Forked process context adjusted.
[*] Phase: ENTROPY - Random entropy collected.
[*] Phase: BACKDOOR - Ephemeral shell opened.
[+] Ephemeral shell listening simulated on :7788
[*] Phase: SIGNATURE - Signature mutation complete.
[+] Memory saved: /data/data/com.termux/files/home/pwn/sessions/target_memory.json
[*] Phase: DRIFT - Latency drift measured.
[*] Phase: NEURAL - Generated neural payloads.
[+] Neural payloads written: /data/data/com.termux/files/home/pwn/payloads/neural_payloads.txt
[*] Phase: AI - PWN AI loop run.
[*] Phase: MIRROR - Phantom mirror engaged.
[*] Phase: INTEL - Target intel aggregation simulated.
[*] Phase: DECOY - Deployed surface decoys.
[*] Phase: IDENTITY - Faked synthetic ID headers.
[*] Phase: DNS - DNS beacon override simulated.
[*] Phase: FIREWALL - Firewall rule noise injected.
[*] Phase: POLYMORPH - Payloads polymorphed.
[*] Phase: SUBNET - LAN spread attempt complete.
[+] Memory saved: /data/data/com.termux/files/home/pwn/sessions/target_memory.json
[*] Phase: KEYSTONE - Keystone logic executed.
[*] Phase: POSSESSION - C2 stager simulated.
[*] Phase: POISON - DNS poisoning initialized.
[*] Phase: MIMIC - Fingerprint cloned.
[*] Phase: FEEDBACK - Feedback loop completed.
[*] Phase: PIVOT - Pivot setup attempted.
[*] Phase: KERNEL - Kernel probe completed.
